{
  "RSpec": {
    "coverage": {
      "/home/app/lib/twilio_helper.rb": {
        "lines": [
          1,
          null,
          1,
          1,
          1,
          1,
          1,
          null,
          1,
          8,
          8,
          null,
          null,
          null,
          null,
          null,
          8,
          null,
          null,
          1,
          null,
          1,
          8,
          null,
          null,
          null
        ]
      },
      "/home/app/app/controllers/rails_base/mfa_auth_controller.rb": {
        "lines": [
          1,
          1,
          1,
          null,
          null,
          1,
          2,
          null,
          null,
          null,
          1,
          6,
          6,
          2,
          2,
          null,
          null,
          4,
          null,
          4,
          4,
          null,
          null,
          null,
          1,
          7,
          7,
          7,
          3,
          3,
          3,
          3,
          null,
          4,
          4,
          null,
          null,
          4,
          null,
          null,
          1,
          null,
          33,
          33,
          null,
          18,
          18,
          null,
          null,
          null
        ]
      },
      "/home/app/app/controllers/rails_base/application_controller.rb": {
        "lines": [
          1,
          1,
          1,
          1,
          1,
          null,
          1,
          305,
          null,
          0,
          0,
          null,
          null,
          1,
          null,
          1,
          84,
          84,
          84,
          null,
          null,
          null
        ]
      },
      "/home/app/app/helpers/rails_base/application_helper.rb": {
        "lines": [
          1,
          1,
          0,
          null,
          null,
          1,
          0,
          null,
          null,
          1,
          0,
          null,
          null,
          1,
          0,
          null,
          null
        ]
      },
      "/home/app/app/helpers/rails_base/user_settings_helper.rb": {
        "lines": [
          1,
          null,
          1,
          null,
          null,
          null,
          1,
          1,
          1,
          null,
          null,
          1,
          null,
          2,
          null,
          null,
          null,
          null,
          null,
          2,
          null,
          null
        ]
      },
      "/home/app/app/controllers/rails_base/secondary_authentication_controller.rb": {
        "lines": [
          1,
          1,
          1,
          null,
          1,
          null,
          1,
          null,
          null,
          1,
          8,
          null,
          4,
          2,
          null,
          null,
          null,
          1,
          null,
          null,
          1,
          0,
          0,
          null,
          null,
          null,
          1,
          6,
          6,
          null,
          6,
          2,
          null,
          4,
          null,
          6,
          null,
          null,
          null,
          1,
          8,
          null,
          8,
          4,
          4,
          null,
          null,
          4,
          4,
          null,
          null,
          null,
          1,
          8,
          null,
          4,
          4,
          2,
          null,
          null,
          null,
          null,
          1,
          13,
          null,
          9,
          9,
          9,
          9,
          6,
          6,
          6,
          6,
          null,
          null,
          3,
          3,
          3,
          null,
          null,
          null,
          1,
          6,
          6,
          4,
          4,
          null,
          2,
          null,
          2,
          null,
          null,
          null,
          1,
          6,
          6,
          3,
          3,
          null,
          null,
          3,
          null,
          3,
          null,
          null,
          null,
          1,
          3,
          3,
          null,
          null,
          null,
          1,
          14,
          null,
          14,
          4,
          4,
          null,
          10,
          10,
          10,
          5,
          null,
          5,
          null,
          10,
          10,
          null,
          null,
          null,
          1,
          13,
          null,
          null,
          null,
          null,
          null,
          null,
          null,
          9,
          null,
          9,
          2,
          2,
          null,
          null,
          7,
          7,
          4,
          4,
          null,
          null,
          3,
          3,
          3,
          3,
          3,
          null,
          null,
          null,
          1,
          16,
          null,
          12,
          12,
          9,
          9,
          null,
          null,
          3,
          null,
          null,
          null,
          1,
          null,
          30,
          null,
          null,
          30,
          30,
          12,
          2,
          2,
          2,
          null,
          10,
          null,
          null,
          null,
          null,
          28,
          null,
          null,
          28,
          9,
          null,
          19,
          19,
          null,
          null,
          28,
          28,
          null,
          null,
          1,
          null,
          1,
          8,
          null,
          2,
          2,
          null,
          null,
          1,
          null,
          78,
          78,
          null,
          28,
          28,
          null,
          null,
          null
        ]
      },
      "/home/app/app/controllers/rails_base/user_settings_controller.rb": {
        "lines": [
          1,
          1,
          1,
          1,
          null,
          1,
          null,
          null,
          1,
          null,
          null,
          null,
          1,
          16,
          null,
          null,
          null,
          null,
          null,
          16,
          12,
          null,
          4,
          null,
          null,
          16,
          null,
          null,
          null,
          null,
          1,
          null,
          null,
          16,
          16,
          null,
          16,
          12,
          12,
          null,
          null,
          4,
          4,
          4,
          null,
          null,
          null,
          1,
          3,
          null,
          3,
          1,
          null,
          2,
          2,
          null,
          null,
          null,
          null,
          1,
          5,
          null,
          5,
          2,
          null,
          3,
          null,
          null,
          null,
          1,
          null,
          1,
          4,
          null,
          1,
          1,
          null,
          null,
          null
        ]
      },
      "/home/app/app/controllers/rails_base/users/registrations_controller.rb": {
        "lines": [
          null,
          null,
          1,
          1,
          1,
          null,
          null,
          null,
          1,
          null,
          0,
          0,
          0,
          null,
          null,
          null,
          1,
          null,
          39,
          39,
          2,
          2,
          2,
          null,
          null,
          37,
          null,
          37,
          30,
          30,
          30,
          30,
          30,
          30,
          30,
          null,
          null,
          7,
          null,
          7,
          5,
          5,
          5,
          null,
          5,
          5,
          0,
          0,
          null,
          5,
          5,
          null,
          5,
          null,
          2,
          2,
          2,
          2,
          2,
          null,
          null,
          null,
          null,
          1,
          0,
          null,
          null,
          null,
          1,
          0,
          null,
          null,
          1,
          null,
          null,
          1,
          39,
          null,
          null
        ]
      },
      "/home/app/app/helpers/rails_base/user_field_validators.rb": {
        "lines": [
          1,
          null,
          1,
          3,
          3,
          null,
          null,
          null,
          1,
          37,
          37,
          37,
          37,
          10,
          10,
          null,
          null,
          null,
          37,
          37,
          37,
          10,
          10,
          null,
          null,
          null,
          37,
          37,
          37,
          20,
          20,
          null,
          null,
          37,
          null,
          null,
          1,
          19,
          19,
          19,
          19,
          12,
          12,
          null,
          null,
          null,
          19,
          19,
          19,
          0,
          0,
          null,
          null,
          19,
          null,
          null,
          1,
          112,
          112,
          26,
          26,
          null,
          null,
          86,
          3,
          3,
          null,
          null,
          83,
          3,
          3,
          null,
          80,
          null,
          null,
          1,
          85,
          13,
          13,
          null,
          null,
          72,
          10,
          10,
          null,
          null,
          62,
          62,
          62,
          null,
          62,
          2,
          2,
          null,
          null,
          60,
          5,
          5,
          null,
          null,
          55,
          18,
          18,
          null,
          null,
          37,
          null,
          null
        ]
      },
      "/home/app/app/services/rails_base/service_logging.rb": {
        "lines": [
          1,
          1,
          2700,
          2700,
          null,
          null,
          1,
          2749,
          2749,
          null,
          null,
          1,
          2705,
          null,
          null,
          1,
          2430,
          null,
          null,
          1,
          2687,
          null,
          null
        ]
      },
      "/home/app/app/controllers/rails_base/users/sessions_controller.rb": {
        "lines": [
          null,
          null,
          1,
          1,
          1,
          null,
          null,
          1,
          0,
          0,
          0,
          null,
          null,
          null,
          1,
          34,
          null,
          34,
          18,
          18,
          18,
          18,
          null,
          null,
          16,
          16,
          2,
          2,
          null,
          null,
          14,
          8,
          null,
          null,
          null,
          null,
          null,
          null,
          null,
          14,
          null,
          14,
          null,
          null,
          null,
          1,
          3,
          3,
          3,
          3,
          null,
          null,
          null,
          1,
          6,
          null,
          null,
          null,
          1,
          2,
          null,
          null,
          1,
          null,
          1,
          8,
          4,
          4,
          4,
          4,
          null,
          4,
          null,
          null,
          null,
          null,
          null,
          null,
          1,
          10,
          null,
          4,
          2,
          null,
          null,
          1,
          8,
          null,
          null
        ]
      },
      "/home/app/app/models/short_lived_data.rb": {
        "lines": [
          null,
          null,
          null,
          null,
          null,
          null,
          null,
          null,
          null,
          null,
          null,
          null,
          null,
          null,
          null,
          null,
          1,
          1,
          null,
          1,
          1,
          1,
          1,
          1,
          1,
          null,
          1,
          null,
          1,
          270,
          null,
          270,
          207,
          206,
          206,
          0,
          0,
          0,
          0,
          null,
          null,
          null,
          null,
          null,
          269,
          269,
          null,
          269,
          null,
          null,
          1,
          null,
          342,
          342,
          null,
          null,
          1,
          207,
          null,
          37,
          null,
          168,
          null,
          1,
          null,
          1,
          null,
          null,
          null,
          1,
          129,
          null,
          null,
          129,
          null,
          null,
          null,
          null,
          null,
          null,
          0,
          null,
          129,
          null,
          129,
          null,
          77,
          0,
          0,
          null,
          null,
          77,
          null,
          null,
          null,
          1,
          null,
          113,
          null,
          88,
          null,
          null,
          1,
          112,
          112,
          112,
          112,
          null,
          null,
          1,
          112,
          null,
          null,
          1,
          179,
          null,
          null,
          1,
          337,
          null,
          148,
          null,
          null,
          1,
          119,
          null,
          null,
          1,
          0,
          0,
          null,
          null
        ]
      },
      "/home/app/app/services/rails_base/authentication/authenticate_user.rb": {
        "lines": [
          1,
          1,
          1,
          1,
          1,
          null,
          1,
          52,
          52,
          52,
          23,
          23,
          null,
          29,
          29,
          29,
          null,
          null,
          null,
          1,
          54,
          53,
          null,
          52,
          3,
          null,
          null,
          null
        ]
      },
      "/home/app/app/services/rails_base/service_base.rb": {
        "lines": [
          1,
          null,
          1,
          1,
          1,
          null,
          1,
          null,
          null,
          18,
          18,
          null,
          null,
          1,
          null,
          null,
          null,
          1,
          null,
          null,
          725,
          null,
          37,
          37,
          null,
          null,
          null,
          688,
          null,
          null,
          1,
          725,
          null,
          null,
          725,
          null,
          null,
          725,
          null,
          null,
          441,
          null,
          null,
          null,
          null,
          245,
          null,
          null,
          245,
          null,
          null,
          null,
          39,
          null,
          null,
          39,
          null,
          39,
          null,
          null,
          725,
          725,
          725,
          null,
          null
        ]
      },
      "/home/app/app/services/rails_base/authentication/decision_twofa_type.rb": {
        "lines": [
          1,
          1,
          1,
          null,
          1,
          null,
          1,
          null,
          33,
          33,
          null,
          null,
          33,
          23,
          17,
          null,
          null,
          null,
          6,
          6,
          6,
          null,
          null,
          10,
          null,
          null,
          33,
          2,
          2,
          null,
          null,
          31,
          null,
          null,
          1,
          null,
          10,
          10,
          10,
          10,
          10,
          10,
          null,
          null,
          1,
          12,
          12,
          12,
          null,
          null,
          1,
          17,
          null,
          null,
          11,
          11,
          11,
          11,
          11,
          11,
          11,
          11,
          null,
          6,
          6,
          6,
          6,
          null,
          null,
          null,
          null,
          1,
          34,
          null,
          null,
          null
        ]
      },
      "/home/app/app/services/rails_base/authentication/destroy_user.rb": {
        "lines": [
          1,
          1,
          1,
          1,
          null,
          1,
          null,
          1,
          11,
          11,
          null,
          5,
          null,
          null,
          1,
          5,
          null,
          null,
          5,
          null,
          null,
          1,
          11,
          null,
          6,
          4,
          4,
          4,
          null,
          null,
          2,
          null,
          2,
          null,
          null,
          1,
          11,
          null,
          null,
          1,
          13,
          12,
          null,
          null,
          null
        ]
      },
      "/home/app/app/services/rails_base/authentication/mfa_set_encrypt_token.rb": {
        "lines": [
          1,
          1,
          1,
          1,
          1,
          null,
          1,
          null,
          136,
          null,
          null,
          null,
          null,
          136,
          null,
          null,
          1,
          null,
          null,
          null,
          null,
          136,
          null,
          null,
          1,
          138,
          null,
          137,
          137,
          null,
          null,
          null
        ]
      },
      "/home/app/app/services/rails_base/authentication/mfa_validator.rb": {
        "lines": [
          1,
          1,
          1,
          1,
          1,
          null,
          1,
          41,
          41,
          9,
          9,
          null,
          null,
          32,
          32,
          32,
          32,
          null,
          32,
          20,
          16,
          null,
          12,
          null,
          null,
          1,
          12,
          null,
          null,
          null,
          null,
          4,
          4,
          null,
          null,
          1,
          32,
          null,
          12,
          null,
          4,
          4,
          4,
          null,
          null,
          null,
          8,
          null,
          8,
          null,
          null,
          1,
          20,
          4,
          null,
          null,
          null,
          4,
          null,
          null,
          1,
          32,
          32,
          null,
          null,
          1,
          41,
          41,
          null,
          36,
          180,
          180,
          null,
          null,
          36,
          null,
          null,
          1,
          43,
          42,
          null,
          null,
          null
        ]
      },
      "/home/app/app/services/rails_base/authentication/modify_password.rb": {
        "lines": [
          1,
          1,
          1,
          null,
          1,
          1,
          1,
          1,
          1,
          1,
          null,
          1,
          null,
          1,
          48,
          48,
          28,
          null,
          null,
          20,
          2,
          2,
          null,
          null,
          18,
          null,
          13,
          null,
          null,
          null,
          11,
          2,
          null,
          9,
          null,
          null,
          1,
          13,
          null,
          6,
          null,
          null,
          1,
          13,
          null,
          12,
          12,
          null,
          12,
          null,
          12,
          null,
          null,
          1,
          31,
          null,
          null,
          1,
          53,
          52,
          52,
          51,
          50,
          49,
          null,
          null,
          null
        ]
      },
      "/home/app/app/services/rails_base/authentication/send_forgot_password.rb": {
        "lines": [
          1,
          1,
          1,
          null,
          1,
          6,
          null,
          6,
          2,
          2,
          null,
          4,
          null,
          4,
          2,
          2,
          null,
          null,
          2,
          null,
          null,
          1,
          7,
          null,
          null,
          null
        ]
      },
      "/home/app/app/services/rails_base/authentication/send_login_mfa_to_user.rb": {
        "lines": [
          1,
          1,
          null,
          1,
          1,
          1,
          1,
          null,
          1,
          null,
          1,
          1,
          1,
          1,
          1,
          null,
          1,
          1,
          null,
          1,
          26,
          26,
          null,
          24,
          24,
          17,
          null,
          null,
          1,
          24,
          17,
          null,
          7,
          7,
          7,
          null,
          null,
          1,
          24,
          null,
          null,
          1,
          null,
          36,
          null,
          null,
          null,
          null,
          null,
          null,
          null,
          36,
          null,
          null,
          1,
          80,
          null,
          null,
          1,
          82,
          null,
          null,
          1,
          52,
          null,
          null,
          1,
          160,
          null,
          null,
          1,
          29,
          28,
          1,
          null,
          null,
          27,
          null,
          null,
          null
        ]
      },
      "/home/app/lib/velocity_limiter.rb": {
        "lines": [
          1,
          1,
          69,
          null,
          69,
          null,
          69,
          null,
          69,
          8,
          8,
          8,
          8,
          null,
          null,
          61,
          null,
          61,
          null,
          null,
          1,
          69,
          69,
          69,
          69,
          69,
          null,
          null,
          1,
          null,
          null,
          1,
          null,
          null,
          1,
          null,
          null,
          1,
          138,
          null,
          null,
          1,
          138,
          null,
          null,
          1,
          69,
          69,
          90,
          null,
          69,
          null,
          69,
          69,
          69,
          69,
          69,
          69,
          69,
          69,
          69,
          null,
          69,
          null,
          null,
          1,
          69,
          null,
          159,
          null,
          0,
          0,
          null,
          69,
          null,
          69,
          null,
          null,
          1,
          69,
          69,
          69,
          null,
          null,
          1,
          0,
          null,
          null
        ]
      },
      "/home/app/app/services/rails_base/authentication/send_verification_email.rb": {
        "lines": [
          1,
          null,
          1,
          1,
          1,
          1,
          null,
          1,
          1,
          null,
          1,
          1,
          1,
          1,
          1,
          null,
          null,
          1,
          null,
          null,
          null,
          1,
          22,
          22,
          4,
          null,
          null,
          18,
          null,
          18,
          null,
          2,
          2,
          2,
          2,
          2,
          0,
          null,
          16,
          null,
          null,
          16,
          null,
          0,
          0,
          0,
          0,
          null,
          16,
          null,
          null,
          1,
          null,
          16,
          null,
          null,
          16,
          16,
          null,
          null,
          1,
          null,
          18,
          null,
          null,
          null,
          null,
          null,
          null,
          18,
          null,
          null,
          1,
          70,
          null,
          null,
          1,
          74,
          null,
          null,
          1,
          44,
          null,
          null,
          1,
          140,
          null,
          null,
          1,
          32,
          null,
          null,
          1,
          18,
          null,
          null,
          1,
          25,
          24,
          23,
          null,
          null,
          null
        ]
      },
      "/home/app/app/services/rails_base/authentication/constants.rb": {
        "lines": [
          1,
          1,
          null,
          1,
          1,
          1,
          1,
          1,
          1,
          null,
          1,
          1,
          1,
          null,
          null,
          1,
          1,
          null,
          null,
          1,
          null,
          null,
          1,
          null,
          null,
          1,
          1,
          1,
          null,
          null,
          1,
          1,
          null,
          null,
          1,
          null,
          null,
          1,
          1,
          1,
          1,
          1,
          1,
          1,
          null,
          1,
          null,
          null,
          null,
          1,
          null,
          null
        ]
      },
      "/home/app/app/services/rails_base/authentication/session_token_verifier.rb": {
        "lines": [
          1,
          null,
          1,
          1,
          1,
          1,
          null,
          1,
          122,
          28,
          null,
          null,
          94,
          94,
          24,
          null,
          null,
          null,
          70,
          null,
          2,
          2,
          null,
          null,
          68,
          null,
          68,
          68,
          null,
          null,
          null
        ]
      },
      "/home/app/app/services/rails_base/authentication/single_sign_on_create.rb": {
        "lines": [
          1,
          1,
          1,
          1,
          1,
          1,
          1,
          1,
          1,
          null,
          1,
          56,
          null,
          56,
          56,
          null,
          null,
          1,
          null,
          56,
          null,
          null,
          null,
          null,
          null,
          null,
          null,
          56,
          null,
          null,
          1,
          56,
          null,
          null,
          1,
          60,
          59,
          58,
          null,
          57,
          57,
          null,
          null,
          null
        ]
      },
      "/home/app/app/services/rails_base/authentication/single_sign_on_send.rb": {
        "lines": [
          1,
          1,
          1,
          1,
          1,
          1,
          1,
          1,
          1,
          null,
          1,
          1,
          1,
          null,
          1,
          null,
          null,
          9,
          0,
          null,
          null,
          null,
          null,
          8,
          null,
          null,
          null,
          null,
          null,
          null,
          null,
          8,
          8,
          null,
          8,
          8,
          null,
          4,
          null,
          4,
          null,
          null,
          null,
          null,
          null,
          null,
          1,
          8,
          null,
          null,
          null,
          null,
          1,
          17,
          8,
          9,
          8,
          null,
          1,
          1,
          null,
          null,
          null,
          1,
          4,
          2,
          null,
          2,
          2,
          2,
          null,
          null,
          1,
          4,
          null,
          2,
          2,
          2,
          null,
          null,
          1,
          null,
          8,
          null,
          null,
          8,
          8,
          null,
          null,
          1,
          10,
          null,
          null,
          null,
          null,
          null
        ]
      },
      "/home/app/app/services/rails_base/authentication/single_sign_on_verify.rb": {
        "lines": [
          1,
          1,
          1,
          1,
          1,
          null,
          1,
          43,
          43,
          43,
          3,
          3,
          3,
          null,
          null,
          40,
          40,
          23,
          23,
          23,
          null,
          17,
          17,
          null,
          null,
          null,
          1,
          null,
          43,
          null,
          43,
          null,
          43,
          null,
          null,
          1,
          45,
          44,
          null,
          null,
          null
        ]
      },
      "/home/app/app/services/rails_base/authentication/sso_verify_email.rb": {
        "lines": [
          1,
          1,
          1,
          null,
          1,
          15,
          15,
          null,
          8,
          8,
          null,
          8,
          null,
          8,
          null,
          null,
          null,
          8,
          null,
          null,
          1,
          15,
          null,
          7,
          5,
          5,
          5,
          null,
          null,
          2,
          null,
          2,
          null,
          null,
          1,
          15,
          null,
          null,
          1,
          16,
          null,
          null,
          null
        ]
      },
      "/home/app/app/services/rails_base/authentication/update_phone_send_verification.rb": {
        "lines": [
          1,
          1,
          1,
          1,
          null,
          1,
          null,
          1,
          14,
          4,
          null,
          null,
          null,
          null,
          10,
          null,
          10,
          null,
          10,
          4,
          4,
          null,
          6,
          6,
          null,
          null,
          null,
          1,
          10,
          10,
          null,
          null,
          1,
          34,
          14,
          14,
          14,
          null,
          null,
          null,
          1,
          16,
          15,
          null,
          null,
          null
        ]
      },
      "/home/app/app/services/rails_base/authentication/verify_forgot_password.rb": {
        "lines": [
          1,
          1,
          1,
          null,
          1,
          28,
          28,
          28,
          null,
          18,
          18,
          18,
          null,
          18,
          null,
          10,
          10,
          3,
          3,
          null,
          7,
          null,
          null,
          1,
          28,
          null,
          10,
          5,
          5,
          5,
          null,
          null,
          5,
          null,
          5,
          null,
          null,
          1,
          28,
          null,
          null,
          1,
          30,
          null,
          null,
          null
        ]
      },
      "/home/app/app/services/rails_base/name_change.rb": {
        "lines": [
          1,
          null,
          1,
          1,
          1,
          1,
          null,
          1,
          1,
          1,
          null,
          1,
          21,
          21,
          2,
          null,
          null,
          19,
          null,
          19,
          12,
          12,
          null,
          null,
          7,
          7,
          null,
          7,
          2,
          null,
          null,
          5,
          null,
          5,
          null,
          null,
          null,
          null,
          null,
          1,
          65,
          null,
          null,
          1,
          67,
          null,
          null,
          1,
          42,
          null,
          null,
          1,
          130,
          null,
          null,
          1,
          24,
          23,
          22,
          null,
          null
        ]
      },
      "/home/app/app/services/rails_base/encryption.rb": {
        "lines": [
          1,
          null,
          1,
          1,
          1,
          null,
          1,
          null,
          1,
          259,
          null,
          null,
          1,
          null,
          141,
          141,
          null,
          141,
          null,
          null,
          141,
          0,
          0,
          null,
          null,
          141,
          null,
          141,
          141,
          141,
          141,
          null,
          null,
          null,
          1,
          94,
          94,
          94,
          94,
          null,
          null,
          null,
          94,
          94,
          24,
          null,
          94,
          null,
          null,
          null,
          1,
          0,
          0,
          null,
          0,
          null,
          0,
          null,
          null,
          1,
          null,
          1,
          235,
          0,
          null,
          235,
          null,
          null,
          1,
          0,
          null,
          null,
          1,
          1,
          null,
          null,
          1,
          1,
          null,
          1,
          null,
          null,
          1,
          1,
          null,
          null,
          null
        ]
      },
      "/home/app/app/models/secret.rb": {
        "lines": [
          null,
          null,
          null,
          null,
          null,
          null,
          null,
          null,
          null,
          null,
          null,
          null,
          1,
          1,
          1,
          1,
          1,
          null,
          1,
          1,
          null,
          1,
          null,
          null,
          1,
          1,
          null,
          null,
          1,
          0,
          null,
          null,
          1,
          2,
          null,
          null,
          null
        ]
      },
      "/home/app/app/mailers/rails_base/email_verification_mailer.rb": {
        "lines": [
          1,
          1,
          null,
          1,
          14,
          14,
          14,
          null,
          null,
          1,
          2,
          2,
          2,
          null,
          null,
          1,
          5,
          null,
          5,
          null,
          null
        ]
      },
      "/home/app/app/mailers/rails_base/application_mailer.rb": {
        "lines": [
          1,
          1,
          1,
          null,
          null,
          1,
          null,
          null,
          null
        ]
      },
      "/home/app/app/mailers/rails_base/event_mailer.rb": {
        "lines": [
          1,
          1,
          null,
          1,
          2,
          2,
          2,
          null,
          null,
          null,
          1,
          0,
          0,
          0,
          null,
          null
        ]
      },
      "/home/app/app/models/user.rb": {
        "lines": [
          null,
          null,
          null,
          null,
          null,
          null,
          null,
          null,
          null,
          null,
          null,
          null,
          null,
          null,
          null,
          null,
          null,
          null,
          null,
          null,
          null,
          null,
          null,
          null,
          0,
          null,
          null,
          0,
          0,
          null,
          null,
          0,
          0,
          0,
          0,
          0,
          0,
          0,
          null,
          0,
          0,
          0,
          null,
          0,
          0,
          0,
          null,
          0,
          0,
          null,
          0,
          0,
          null,
          0,
          0,
          0,
          null,
          0,
          0,
          null,
          0,
          0,
          null,
          0,
          0,
          0,
          null,
          0,
          0,
          0,
          0
        ],
        "branches": {
        }
      },
      "/home/app/app/controllers/rails_base/users/passwords_controller.rb": {
        "lines": [
          null,
          null,
          0,
          null,
          0,
          0,
          0,
          0,
          null,
          null,
          0,
          0,
          0,
          0,
          0,
          0,
          0,
          0,
          null,
          null,
          0,
          0,
          0,
          0,
          null,
          null,
          0,
          0,
          0,
          0,
          null,
          null,
          null,
          null,
          null,
          null,
          null,
          null,
          null,
          null,
          null,
          0
        ],
        "branches": {
        }
      },
      "/home/app/app/controllers/rails_base/errors_controller.rb": {
        "lines": [
          0,
          0,
          0,
          null,
          0,
          0,
          0,
          0,
          0,
          null,
          0,
          0,
          0,
          0,
          0,
          null,
          0,
          0,
          0,
          0,
          0,
          null,
          0,
          null,
          0,
          0,
          0,
          0,
          0,
          null,
          0,
          0,
          0,
          0,
          0
        ],
        "branches": {
        }
      },
      "/home/app/lib/rails_base.rb": {
        "lines": [
          0,
          null,
          null,
          null,
          null,
          0,
          0,
          0,
          0,
          0,
          0,
          0,
          0,
          null,
          null,
          null,
          0,
          0,
          0,
          0,
          null,
          0,
          0,
          0,
          0,
          0,
          0,
          0
        ],
        "branches": {
        }
      },
      "/home/app/lib/rails_base/version.rb": {
        "lines": [
          0,
          0,
          0,
          0,
          0,
          0
        ],
        "branches": {
        }
      }
    },
    "timestamp": 1616651339
  }
}
